[debug] [2023-01-11T13:50:43.244Z] ----------------------------------------------------------------------
[debug] [2023-01-11T13:50:43.251Z] Command:       C:\Program Files\nodejs\node.exe C:\Users\Hp\AppData\Roaming\npm\node_modules\firebase-tools\lib\bin\firebase.js deploy
[debug] [2023-01-11T13:50:43.254Z] CLI Version:   11.18.0
[debug] [2023-01-11T13:50:43.254Z] Platform:      win32
[debug] [2023-01-11T13:50:43.254Z] Node Version:  v16.17.1
[debug] [2023-01-11T13:50:43.257Z] Time:          Wed Jan 11 2023 19:50:43 GMT+0600 (Bangladesh Standard Time)
[debug] [2023-01-11T13:50:43.257Z] ----------------------------------------------------------------------
[debug] 
[debug] [2023-01-11T13:50:43.478Z] > command requires scopes: ["email","openid","https://www.googleapis.com/auth/cloudplatformprojects.readonly","https://www.googleapis.com/auth/firebase","https://www.googleapis.com/auth/cloud-platform"]
[debug] [2023-01-11T13:50:43.481Z] > authorizing via signed-in user (prohor.b722@gmail.com)
[debug] [2023-01-11T13:50:43.482Z] [iam] checking project watch-house-efd0d for permissions ["firebase.projects.get","firebasehosting.sites.update"]
[debug] [2023-01-11T13:50:43.488Z] >>> [apiv2][query] POST https://cloudresourcemanager.googleapis.com/v1/projects/watch-house-efd0d:testIamPermissions [none]
[debug] [2023-01-11T13:50:43.489Z] >>> [apiv2][(partial)header] POST https://cloudresourcemanager.googleapis.com/v1/projects/watch-house-efd0d:testIamPermissions x-goog-quota-user=projects/watch-house-efd0d
[debug] [2023-01-11T13:50:43.489Z] >>> [apiv2][body] POST https://cloudresourcemanager.googleapis.com/v1/projects/watch-house-efd0d:testIamPermissions {"permissions":["firebase.projects.get","firebasehosting.sites.update"]}
[debug] [2023-01-11T13:50:45.974Z] <<< [apiv2][status] POST https://cloudresourcemanager.googleapis.com/v1/projects/watch-house-efd0d:testIamPermissions 200
[debug] [2023-01-11T13:50:45.975Z] <<< [apiv2][body] POST https://cloudresourcemanager.googleapis.com/v1/projects/watch-house-efd0d:testIamPermissions {"permissions":["firebase.projects.get","firebasehosting.sites.update"]}
[debug] [2023-01-11T13:50:45.977Z] >>> [apiv2][query] GET https://firebase.googleapis.com/v1beta1/projects/watch-house-efd0d [none]
[debug] [2023-01-11T13:50:47.466Z] <<< [apiv2][status] GET https://firebase.googleapis.com/v1beta1/projects/watch-house-efd0d 200
[debug] [2023-01-11T13:50:47.467Z] <<< [apiv2][body] GET https://firebase.googleapis.com/v1beta1/projects/watch-house-efd0d {"projectId":"watch-house-efd0d","projectNumber":"922525030577","displayName":"watch house","name":"projects/watch-house-efd0d","resources":{"hostingSite":"watch-house-efd0d"},"state":"ACTIVE","etag":"1_48838a48-e53b-4c13-ae49-738744fe0c80"}
[info] 
[info] === Deploying to 'watch-house-efd0d'...
[info] 
[info] i  deploying hosting 
[debug] [2023-01-11T13:50:47.485Z] >>> [apiv2][query] POST https://firebasehosting.googleapis.com/v1beta1/projects/-/sites/watch-house-efd0d/versions [none]
[debug] [2023-01-11T13:50:47.485Z] >>> [apiv2][body] POST https://firebasehosting.googleapis.com/v1beta1/projects/-/sites/watch-house-efd0d/versions {"status":"CREATED","labels":{"deployment-tool":"cli-firebase"}}
[debug] [2023-01-11T13:50:49.665Z] <<< [apiv2][status] POST https://firebasehosting.googleapis.com/v1beta1/projects/-/sites/watch-house-efd0d/versions 200
[debug] [2023-01-11T13:50:49.665Z] <<< [apiv2][body] POST https://firebasehosting.googleapis.com/v1beta1/projects/-/sites/watch-house-efd0d/versions {"name":"projects/922525030577/sites/watch-house-efd0d/versions/7bae40a97573f8ec","status":"CREATED","config":{},"labels":{"deployment-tool":"cli-firebase"}}
[info] i  hosting[watch-house-efd0d]: beginning deploy... 
[info] i  hosting[watch-house-efd0d]: found 17 files in build 
[debug] [2023-01-11T13:50:49.708Z] [hosting] uploading with 200 concurrency
[debug] [2023-01-11T13:50:49.729Z] [hosting] hash cache [YnVpbGQ] stored for 17 files
[debug] [2023-01-11T13:50:49.730Z] [hosting][hash queue][FINAL] {"max":8,"min":0,"avg":0,"active":0,"complete":17,"success":17,"errored":0,"retried":0,"total":17,"elapsed":13}
[debug] [2023-01-11T13:50:49.731Z] >>> [apiv2][query] POST https://firebasehosting.googleapis.com/v1beta1/projects/922525030577/sites/watch-house-efd0d/versions/7bae40a97573f8ec:populateFiles [none]
[debug] [2023-01-11T13:50:49.731Z] >>> [apiv2][body] POST https://firebasehosting.googleapis.com/v1beta1/projects/922525030577/sites/watch-house-efd0d/versions/7bae40a97573f8ec:populateFiles {"files":{"/asset-manifest.json":"e52985122ce53b5ac8cd8c255ee6557d9f87f18dd7869ba6ba51abd1008b4686","/customerReview.json":"db46646f4c0278970264141a42270d3576402b54191bf714ff8a91178ba358c5","/favicon.png":"7f3c2fb474d40d93d06ab8ea712f0d3ef011f4ca09fd463d297a727902dee2e2","/index.html":"072b852378175487232f3d20a616e3917f471050cf26a935d757c77b086d2424","/manifest.json":"5c997de1364b8be939319fa9209abd77f2caf7f8844999a9e2e9173f844e7840","/products.json":"224de4ee11bdafc5417261b10e3822c9d3cce89629c9b844b414d4af3bd3d5f6","/robots.txt":"b2090cf9761ef60aa06e4fab97679bd43dfa5e5df073701ead5879d7c68f1ec5","/static/css/main.27c73115.css":"6c4180006e7fdab8fe297af92fa1f2ac025849832d70b2741fd6139ec109a14d","/static/css/main.27c73115.css.map":"da7a18aa1767daf00884d54fabd15ef44ca7dc828f5e62404e8d4cfda153d506","/static/js/787.ee0217fb.chunk.js":"6af14fca1994d76729d8c4fd73fb8ffa726dd8df930fdae1b850cf7cddd4fd84","/static/js/787.ee0217fb.chunk.js.map":"fda63853741bbca52ca225612d432e9472d0b151ea80094be7ed998308deca4e","/static/js/main.c9445787.js":"f8d24db2b12713b87a72597c1957b4ab82530d26e712ac449e42fe8a5cd59525","/static/js/main.c9445787.js.LICENSE.txt":"4e9f473cdbae95ca887369dd18a4f66b0f392e4b5930eff73a12b8ca01cd5cfd","/static/js/main.c9445787.js.map":"a534b57a01a48f78cb22a02ad0cbaecc0be66bbe4a92a42535483889561ddda7","/static/media/banner.36134ed71e7a3a24e61c.png":"7e9e22fef4b8da12ceeab01ccb3491b19538df27cf244dcdbb383193c4d2f1a5","/static/media/error404.397de08ade6139fdecc7.gif":"afe07a780cb868abaad1221b4ef4683a9cad43e2b7449bf8aeffa727c72fd64a","/static/media/loading.622f712a0c3da2bce6aa.gif":"df1ec3b1b532b87ab341495ae13c4720d5b443af1a6a6c3284cb9f549a6a8284"}}
[debug] [2023-01-11T13:50:51.855Z] <<< [apiv2][status] POST https://firebasehosting.googleapis.com/v1beta1/projects/922525030577/sites/watch-house-efd0d/versions/7bae40a97573f8ec:populateFiles 200
[debug] [2023-01-11T13:50:51.856Z] <<< [apiv2][body] POST https://firebasehosting.googleapis.com/v1beta1/projects/922525030577/sites/watch-house-efd0d/versions/7bae40a97573f8ec:populateFiles {"uploadUrl":"https://upload-firebasehosting.googleapis.com/upload/sites/watch-house-efd0d/versions/7bae40a97573f8ec/files"}
[debug] [2023-01-11T13:50:51.857Z] [hosting][populate queue][FINAL] {"max":2131,"min":2131,"avg":2131,"active":0,"complete":1,"success":1,"errored":0,"retried":0,"total":1,"elapsed":2131}
[debug] [2023-01-11T13:50:51.857Z] [hosting] uploads queued: 0
[debug] [2023-01-11T13:50:51.857Z] [hosting][upload queue][FINAL] {"max":0,"min":9999999999,"avg":0,"active":0,"complete":0,"success":0,"errored":0,"retried":0,"total":0,"elapsed":1673445051857}
[info] +  hosting[watch-house-efd0d]: file upload complete 
[debug] [2023-01-11T13:50:51.860Z] [hosting] deploy completed after 2190ms
[debug] [2023-01-11T13:50:51.864Z] [
  {
    "config": {
      "public": "build",
      "ignore": [
        "firebase.json",
        "**/.*",
        "**/node_modules/**"
      ],
      "rewrites": [
        {
          "source": "**",
          "destination": "/index.html"
        }
      ],
      "site": "watch-house-efd0d"
    },
    "version": "projects/922525030577/sites/watch-house-efd0d/versions/7bae40a97573f8ec"
  }
]
[info] i  hosting[watch-house-efd0d]: finalizing version... 
[debug] [2023-01-11T13:50:51.873Z] >>> [apiv2][query] PATCH https://firebasehosting.googleapis.com/v1beta1/projects/-/sites/watch-house-efd0d/versions/7bae40a97573f8ec updateMask=status%2Cconfig
[debug] [2023-01-11T13:50:51.873Z] >>> [apiv2][body] PATCH https://firebasehosting.googleapis.com/v1beta1/projects/-/sites/watch-house-efd0d/versions/7bae40a97573f8ec {"status":"FINALIZED","config":{"rewrites":[{"glob":"**","path":"/index.html"}]}}
[debug] [2023-01-11T13:51:10.057Z] Error: Timed out.
    at Timeout._onTimeout (C:\Users\Hp\AppData\Roaming\npm\node_modules\firebase-tools\lib\utils.js:253:49)
    at listOnTimeout (node:internal/timers:559:17)
    at processTimers (node:internal/timers:502:7)
[error] 
[error] Error: An unexpected error has occurred.
